1   0110000010010011001101   0.131739   2.114383835879
2   0110110011111110111011   0.277295   2.200402482975
3   1000110110010010011101   0.659048   2.224703733696
4   0011111100111111001111   -0.258824   1.6741861370239999
5   1111111011000111100111   1.9857   0.04269551000000016
6   1001111001110001011111   0.856758   2.122723729436
7   0100000111010011000011   -0.22862   1.7191128956
8   1100111111101000110001   1.436437   1.373085745031
9   1000001001011110011110   0.527762   2.249229271356
10   0100001100010010100110   -0.213992   1.7402154239360001
11   0010001110101010010100   -0.582047   1.0791742897910002
12   1010000011011110011111   0.885185   2.101632515775
13   1001111001110100000110   0.856877   2.122638806871
14   1101110101001111111110   1.593505   1.054246814975
15   1001011001100101011100   0.762456   2.1811168480639997
16   0011101011000000100110   -0.311496   1.591474241984
17   1101011001001110011011   1.511403   1.227063971591
18   0001011111101010000101   -0.719753   0.7622026189910001
19   0000010111001110111001   -0.931935   0.19956215577500025
20   1011000110010000111100   1.080854   1.912608630684

cromozom   1   probabilitate   0.06671567491447777
cromozom   2   probabilitate   0.06942984251208154
cromozom   3   probabilitate   0.07019662587260768
cromozom   4   probabilitate   0.052826008300231105
cromozom   5   probabilitate   0.0013471819624858573
cromozom   6   probabilitate   0.06697882563381671
cromozom   7   probabilitate   0.05424359339961377
cromozom   8   probabilitate   0.04332531333276522
cromozom   9   probabilitate   0.07097048621426467
cromozom   10   probabilitate   0.05490944668341589
cromozom   11   probabilitate   0.034051452660593944
cromozom   12   probabilitate   0.06631332936474686
cromozom   13   probabilitate   0.06697614605116795
cromozom   14   probabilitate   0.033264909896672495
cromozom   15   probabilitate   0.06882131811485132
cromozom   16   probabilitate   0.05021617946621762
cromozom   17   probabilitate   0.038717852283381725
cromozom   18   probabilitate   0.02404996731656682
cromozom   19   probabilitate   0.0062968339447139095
cromozom   20   probabilitate   0.06034901207532712
Intervale probabilitati selectie
0 0.06671567491447777 0.1361455174265593 0.206342143299167 0.2591681515993981 0.26051533356188394 0.3274941591957007 0.38173775259531445 0.4250630659280797 0.49603355214234435 0.5509429988257603 0.5849944514863542 0.6513077808511011 0.718283926902269 0.7515488367989416 0.820370154913793 0.8705863343800105 0.9093041866633923 0.9333541539799591 0.939650987924673 1
u = 0.7830501873093277  selectam cromozomul 15
u = 0.7985999894891032  selectam cromozomul 15
u = 0.15697645678425365  selectam cromozomul 3
u = 0.43960259232326193  selectam cromozomul 9
u = 0.49336021638178973  selectam cromozomul 9
u = 0.11929653469370705  selectam cromozomul 2
u = 0.8862377455838983  selectam cromozomul 17
u = 0.7203476635016708  selectam cromozomul 14
u = 0.7232537551307918  selectam cromozomul 14
u = 0.9877776104080889  selectam cromozomul 20
u = 0.9195596027375755  selectam cromozomul 18
u = 0.13214874160403456  selectam cromozomul 2
u = 0.7741726029143461  selectam cromozomul 15
u = 0.8999462383871666  selectam cromozomul 17
u = 0.2542253985021504  selectam cromozomul 4
u = 0.5991447788375736  selectam cromozomul 12
u = 0.44457859115360276  selectam cromozomul 9
u = 0.9672865673509042  selectam cromozomul 20
u = 0.7541093955864642  selectam cromozomul 15
u = 0.1790829534614593  selectam cromozomul 3
Dupa selectie:
1 1001011001100101011100 x=0.762456 f=2.1811168480639997
2 1001011001100101011100 x=0.762456 f=2.1811168480639997
3 1000110110010010011101 x=0.659048 f=2.224703733696
4 1000001001011110011110 x=0.527762 f=2.249229271356
5 1000001001011110011110 x=0.527762 f=2.249229271356
6 0110110011111110111011 x=0.277295 f=2.200402482975
7 1101011001001110011011 x=1.511403 f=1.227063971591
8 1101110101001111111110 x=1.593505 f=1.054246814975
9 1101110101001111111110 x=1.593505 f=1.054246814975
10 1011000110010000111100 x=1.080854 f=1.912608630684
11 0001011111101010000101 x=-0.719753 f=0.7622026189910001
12 0110110011111110111011 x=0.277295 f=2.200402482975
13 1001011001100101011100 x=0.762456 f=2.1811168480639997
14 1101011001001110011011 x=1.511403 f=1.227063971591
15 0011111100111111001111 x=-0.258824 f=1.6741861370239999
16 1010000011011110011111 x=0.885185 f=2.101632515775
17 1000001001011110011110 x=0.527762 f=2.249229271356
18 1011000110010000111100 x=1.080854 f=1.912608630684
19 1001011001100101011100 x=0.762456 f=2.1811168480639997
20 1000110110010010011101 x=0.659048 f=2.224703733696
Probabilitatea de incrucisare 0.25
1  1001011001100101011100  u=0.023752173250362496 <0.25 participia
2 1001011001100101011100  u=0.9666893009443244
3 1000110110010010011101  u=0.5759517120415207
4 1000001001011110011110  u=0.5636768779744634
5 1000001001011110011110  u=0.6991709575536774
6 0110110011111110111011  u=0.3455261366135418
7 1101011001001110011011  u=0.8073145699637908
8 1101110101001111111110  u=0.9249751885085978
9 1101110101001111111110  u=0.7402731248468851
10  1011000110010000111100  u=0.22950094373035224 <0.25 participia
11  0001011111101010000101  u=0.1972238278615397 <0.25 participia
12 0110110011111110111011  u=0.4434831565564409
13 1001011001100101011100  u=0.36967654522656757
14  1101011001001110011011  u=0.08691996901116616 <0.25 participia
15 0011111100111111001111  u=0.5110719963543515
16 1010000011011110011111  u=0.5249983040976239
17 1000001001011110011110  u=0.8362504809021304
18  1011000110010000111100  u=0.18770682398297078 <0.25 participia
19 1001011001100101011100  u=0.9418927791801988
20 1000110110010010011101  u=0.36909786644890763
Recombinare dintre cromozomul 1 cu cromozomul 10
         10010110011|00101011100   10110001100|10000111100    punct 10
Rezultat 10110001101|00101011100   10010110010|10000111100
Recombinare dintre cromozomul 11 cu cromozomul 14
         00|01011111101010000101   11|01011001001110011011    punct 1
Rezultat 10|01011111101010000101   01|01011001001110011011
Dupa recombinare:
1  1011000110100101011100 x=1.081792  f=2.114383835879
2  1001011001100101011100 x=0.762456  f=2.1811168480639997
3  1000110110010010011101 x=0.659048  f=2.224703733696
4  1000001001011110011110 x=0.527762  f=2.249229271356
5  1000001001011110011110 x=0.527762  f=2.249229271356
6  0110110011111110111011 x=0.277295  f=2.200402482975
7  1101011001001110011011 x=1.511403  f=1.227063971591
8  1101110101001111111110 x=1.593505  f=1.054246814975
9  1101110101001111111110 x=1.593505  f=1.054246814975
10  1001011001010000111100 x=0.761518  f=1.7402154239360001
11  1001011111101010000101 x=0.780246  f=1.0791742897910002
12  0110110011111110111011 x=0.277295  f=2.200402482975
13  1001011001100101011100 x=0.762456  f=2.1811168480639997
14  0101011001001110011011 x=0.011402  f=1.054246814975
15  0011111100111111001111 x=-0.258824  f=1.6741861370239999
16  1010000011011110011111 x=0.885185  f=2.101632515775
17  1000001001011110011110 x=0.527762  f=2.249229271356
18  1011000110010000111100 x=1.080854  f=1.912608630684
19  1001011001100101011100 x=0.762456  f=2.1811168480639997
20  1000110110010010011101 x=0.659048  f=2.224703733696
Probabilitate de mutatie pentru fiecare gena 0.01
Au fost modificati cromozomii: 
Dupa mutatie:
1  1011000110100101011100 x=1.081792  f=2.114383835879
2  1001011001100101011100 x=0.762456  f=2.1811168480639997
3  1000110110010010011101 x=0.659048  f=2.224703733696
4  1000001001011110011110 x=0.527762  f=2.249229271356
5  1000001001011110011110 x=0.527762  f=2.249229271356
6  0110110011111110111011 x=0.277295  f=2.200402482975
7  1101011001001110011011 x=1.511403  f=1.227063971591
8  1101110101001111111110 x=1.593505  f=1.054246814975
9  1101110101001111111110 x=1.593505  f=1.054246814975
10  1001011001010000111100 x=0.761518  f=1.7402154239360001
11  1001011111101010000101 x=0.780246  f=1.0791742897910002
12  0110110011111110111011 x=0.277295  f=2.200402482975
13  1001011001100101011100 x=0.762456  f=2.1811168480639997
14  0101011001001110011011 x=0.011402  f=1.054246814975
15  0011111100111111001111 x=-0.258824  f=1.6741861370239999
16  1010000011011110011111 x=0.885185  f=2.101632515775
17  1000001001011110011110 x=0.527762  f=2.249229271356
18  1011000110010000111100 x=1.080854  f=1.912608630684
19  1001011001100101011100 x=0.762456  f=2.1811168480639997
20  1000110110010010011101 x=0.659048  f=2.224703733696

2.249229271356  x=1.593505   fitMediu=1.9174119248794
2.249229271356  x=1.081792   fitMediu=2.12722412221495
2.249229271356  x=1.081792   fitMediu=2.20789206941235
2.249229271356  x=1.084403   fitMediu=2.20694660222115
2.249229271356  x=1.080923   fitMediu=2.2249967144604
2.249229271356  x=1.080923   fitMediu=2.22379283763485
2.249229271356  x=1.080923   fitMediu=2.2298879406925
2.249229271356  x=1.080923   fitMediu=2.20669307493445
2.249229271356  x=0.527762   fitMediu=2.2162263823733
2.249229271356  x=0.527762   fitMediu=2.2185772133061
2.249229271356  x=0.527762   fitMediu=2.22344612219705
2.249229271356  x=0.527762   fitMediu=2.22101824966835
2.249229271356  x=0.529248   fitMediu=2.2222194309047
2.249229271356  x=0.529248   fitMediu=2.2222286842226
2.249229271356  x=0.557995   fitMediu=2.21613202457905
2.249229271356  x=0.529248   fitMediu=2.21608040395715
2.249259507056  x=0.529248   fitMediu=2.2210332072261503
2.249259507056  x=0.529248   fitMediu=2.21861632994835
2.249259507056  x=0.529248   fitMediu=2.21745427971235
2.249259507056  x=0.529248   fitMediu=2.21619148214255
2.249259507056  x=0.529248   fitMediu=2.216188289227
2.249259507056  x=0.529248   fitMediu=2.2185951818808998
2.249259507056  x=0.529248   fitMediu=2.2173919766139
2.249259507056  x=0.529248   fitMediu=2.21738031020725
2.249259507056  x=0.529248   fitMediu=2.2275753894353003
2.249259507056  x=0.529248   fitMediu=2.2202016808851672
2.249259507056  x=0.529248   fitMediu=2.2255135598777
2.249259507056  x=0.529248   fitMediu=2.2336336146242
2.249259507056  x=0.529248   fitMediu=2.2238412321488
2.249259507056  x=0.529249   fitMediu=2.215312774264981
2.249259507056  x=0.529226   fitMediu=2.220591832424563
2.249259507056  x=0.529226   fitMediu=2.21656884525093
2.249259507056  x=0.534536   fitMediu=2.2116703878147295
2.249259507056  x=0.529226   fitMediu=2.2115646562146
2.249259507056  x=0.529226   fitMediu=2.21532361559155
2.249259507056  x=0.651724   fitMediu=2.2107998580969
2.249259507056  x=0.529226   fitMediu=2.2194954994947
2.249259507056  x=0.529226   fitMediu=2.2176250884696
2.249259507056  x=0.651724   fitMediu=2.2273795324482
2.249259507056  x=0.651724   fitMediu=2.2273922429352
2.249259507056  x=0.576101   fitMediu=2.2296009662483134
2.249259507056  x=0.529226   fitMediu=2.234500274501
2.249259507056  x=1.027273   fitMediu=2.22999674368962
2.249259507056  x=1.027273   fitMediu=2.22999808756342
2.249259507056  x=1.027273   fitMediu=2.23246457043357
2.249864324096  x=1.027273   fitMediu=2.24470096749762
2.249864324096  x=1.027273   fitMediu=2.2369563389077998
2.249864324096  x=1.027273   fitMediu=2.2271821572618
2.249864324096  x=1.027273   fitMediu=2.219814078035811
2.249864324096  x=1.027273   fitMediu=2.227189488749634
